<?xml version="1.0" encoding="UTF-8"?>
<!-- Generated by org.testng.reporters.JUnitReportReporter -->
<testsuite hostname="tringapps-Vostro-3559" failures="0" tests="1" name="tables.Tables" time="8.106" errors="0" timestamp="11 Dec 2020 07:26:16 GMT" skipped="0">
  <testcase classname="tables.Tables" name="dynamicTables" time="8.106"/>
</testsuite> <!-- tables.Tables -->
